Arguments: 
  C:\Program Files\nodejs\node.exe C:\Users\merit\AppData\Roaming\npm\node_modules\yarn\bin\yarn.js add @types/webpack-env -D

PATH: 
  C:\Users\merit\bin;C:\Program Files\Git\mingw64\bin;C:\Program Files\Git\usr\local\bin;C:\Program Files\Git\usr\bin;C:\Program Files\Git\usr\bin;C:\Program Files\Git\mingw64\bin;C:\Program Files\Git\usr\bin;C:\Users\merit\bin;C:\WINDOWS\system32;C:\WINDOWS;C:\WINDOWS\System32\Wbem;C:\WINDOWS\System32\WindowsPowerShell\v1.0;C:\WINDOWS\System32\OpenSSH;D:\svn\bin;C:\Program Files\nodejs;C:\Program Files\Git\cmd;C:\Program Files\PowerShell\7;D:\software\xftp;D:\software\xshell;C:\Users\merit\AppData\Local\Microsoft\WindowsApps;C:\Users\merit\AppData\Roaming\npm;C:\Users\merit\AppData\Local\Programs\Microsoft VS Code\bin;C:\Program Files\Git\usr\bin\vendor_perl;C:\Program Files\Git\usr\bin\core_perl

Yarn version: 
  1.22.10

Node version: 
  14.15.4

Platform: 
  win32 x64

Trace: 
  Error: ENOENT: no such file or directory, copyfile 'C:\Users\merit\AppData\Local\Yarn\Cache\v6\npm-color-name-1.1.3-a7d0558bd89c42f795dd42328f740831ca53bc25-integrity\node_modules\color-name\package.json' -> 'C:\Users\merit\Desktop\_work\vite-app\node_modules\chalk\node_modules\color-name\package.json'

npm manifest: 
  {
    "name": "init",
    "version": "0.0.0",
    "scripts": {
      "dev": "vite",
      "build": "vue-tsc --noEmit && vite build",
      "serve": "vite preview"
    },
    "dependencies": {
      "@kangc/v-md-editor": "^2.3.8",
      "axios": "^0.21.1",
      "element-plus": "^1.0.2-beta.70",
      "vue": "^3.0.5",
      "vue-router": "^4.0.10",
      "vuex": "^4.0.2",
      "lodash": "^4.17.20"
    },
    "devDependencies": {
      "@types/lodash": "^4.14.172",
      "@types/node": "^16.4.13",
      "@types/prismjs": "^1.16.6",
      "@vitejs/plugin-vue": "^1.3.0",
      "@vue/compiler-sfc": "^3.0.5",
      "eslint": "^7.32.0",
      "eslint-config-prettier": "^8.3.0",
      "eslint-plugin-prettier": "^3.4.0",
      "less": "^4.1.1",
      "prettier": "^2.3.2",
      "typescript": "^4.3.2",
      "vite": "^2.4.4",
      "vue-tsc": "^0.2.2"
    }
  }

yarn manifest: 
  No manifest

Lockfile: 
  No lockfile
